<?xml version="1.0" encoding="UTF-8"?>
<!-- Generated by org.testng.reporters.JUnitXMLReporter -->
<testsuite hostname="DESKTOP-8V7J4DD" ignored="0" name="Default test" tests="5" failures="0" timestamp="2021-09-13T10:05:06 EDT" time="35.667" errors="0">
  <testcase name="getTitle" time="0.024" classname="com.guru99.testCases.NewCustomerTest"/>
  <testcase name="testCustomerCreationPage" time="4.04" classname="com.guru99.testCases.NewCustomerTest"/>
  <testcase name="testCustomerCreationPage" time="3.973" classname="com.guru99.testCases.NewCustomerTest"/>
  <testcase name="testCustomerCreationPage" time="3.926" classname="com.guru99.testCases.NewCustomerTest"/>
  <testcase name="testCustomerCreationPage" time="4.276" classname="com.guru99.testCases.NewCustomerTest"/>
</testsuite> <!-- Default test -->
